I, [2014-05-13T16:33:36.949315 #93895]  INFO -- : 1:  nio4r (1.0.0) from /Users/christiantreppo/.gem/ruby/2.1.0/specifications/nio4r-1.0.0.gemspec
# Logfile created on 2014-05-13 16:33:36 +0100 by logger.rb/44203
I, [2014-05-13T16:33:36.949802 #93896]  INFO -- : 2:  timers (1.1.0) from /Users/christiantreppo/.gem/ruby/2.1.0/specifications/timers-1.1.0.gemspec
I, [2014-05-13T16:33:42.468621 #93894]  INFO -- : 0:  blankslate (2.1.2.4) from /Users/christiantreppo/.gem/ruby/2.1.0/specifications/blankslate-2.1.2.4.gemspec
I, [2014-05-13T16:33:43.074541 #93896]  INFO -- : 2:  chunky_png (1.3.1) from /Users/christiantreppo/.gem/ruby/2.1.0/specifications/chunky_png-1.3.1.gemspec
I, [2014-05-13T16:33:43.168312 #93895]  INFO -- : 1:  fast-stemmer (1.0.2) from /Users/christiantreppo/.gem/ruby/2.1.0/specifications/fast-stemmer-1.0.2.gemspec
I, [2014-05-13T16:33:43.927403 #93894]  INFO -- : 0:  coffee-script-source (1.7.0) from /Users/christiantreppo/.gem/ruby/2.1.0/specifications/coffee-script-source-1.7.0.gemspec
I, [2014-05-13T16:33:43.928226 #93894]  INFO -- : 0:  fssm (0.2.10) from /Users/christiantreppo/.gem/ruby/2.1.0/specifications/fssm-0.2.10.gemspec
I, [2014-05-13T16:33:44.282006 #93896]  INFO -- : 2:  execjs (2.0.2) from /Users/christiantreppo/.gem/ruby/2.1.0/specifications/execjs-2.0.2.gemspec
I, [2014-05-13T16:33:44.282695 #93896]  INFO -- : 2:  ffi (1.9.3) from /Users/christiantreppo/.gem/ruby/2.1.0/specifications/ffi-1.9.3.gemspec
I, [2014-05-13T16:33:44.324472 #93895]  INFO -- : 1:  colorator (0.1) from /Users/christiantreppo/.gem/ruby/2.1.0/specifications/colorator-0.1.gemspec
I, [2014-05-13T16:33:45.964425 #93895]  INFO -- : 1:  liquid (2.5.5) from /Users/christiantreppo/.gem/ruby/2.1.0/specifications/liquid-2.5.5.gemspec
I, [2014-05-13T16:33:45.964795 #93894]  INFO -- : 0:  sass (3.2.19) from /Users/christiantreppo/.gem/ruby/2.1.0/specifications/sass-3.2.19.gemspec
I, [2014-05-13T16:33:45.965873 #93895]  INFO -- : 1:  rb-fsevent (0.9.4) from /Users/christiantreppo/.gem/ruby/2.1.0/specifications/rb-fsevent-0.9.4.gemspec
I, [2014-05-13T16:33:46.569080 #93896]  INFO -- : 2:  kramdown (1.3.3) from /Users/christiantreppo/.gem/ruby/2.1.0/specifications/kramdown-1.3.3.gemspec
I, [2014-05-13T16:33:47.492458 #93894]  INFO -- : 0:  mercenary (0.3.3) from /Users/christiantreppo/.gem/ruby/2.1.0/specifications/mercenary-0.3.3.gemspec
I, [2014-05-13T16:33:47.714867 #93895]  INFO -- : 1:  posix-spawn (0.3.8) from /Users/christiantreppo/.gem/ruby/2.1.0/specifications/posix-spawn-0.3.8.gemspec
I, [2014-05-13T16:33:49.454699 #93895]  INFO -- : 1:  safe_yaml (1.0.3) from /Users/christiantreppo/.gem/ruby/2.1.0/specifications/safe_yaml-1.0.3.gemspec
I, [2014-05-13T16:33:49.465776 #93895]  INFO -- : 1:  bundler (1.5.1) from /Users/christiantreppo/.gem/ruby/2.1.0/specifications/bundler-1.5.1.gemspec
I, [2014-05-13T16:33:49.466734 #93895]  INFO -- : 1:  celluloid (0.15.2) from /Users/christiantreppo/.gem/ruby/2.1.0/specifications/celluloid-0.15.2.gemspec
I, [2014-05-13T16:33:50.594598 #93896]  INFO -- : 2:  yajl-ruby (1.1.0) from /Users/christiantreppo/.gem/ruby/2.1.0/specifications/yajl-ruby-1.1.0.gemspec
I, [2014-05-13T16:33:50.936833 #93895]  INFO -- : 1:  parslet (1.5.0) from /Users/christiantreppo/.gem/ruby/2.1.0/specifications/parslet-1.5.0.gemspec
I, [2014-05-13T16:33:51.593674 #93894]  INFO -- : 0:  redcarpet (3.1.2) from /Users/christiantreppo/.gem/ruby/2.1.0/specifications/redcarpet-3.1.2.gemspec
I, [2014-05-13T16:33:51.594554 #93894]  INFO -- : 0:  rb-inotify (0.9.4) from /Users/christiantreppo/.gem/ruby/2.1.0/specifications/rb-inotify-0.9.4.gemspec
I, [2014-05-13T16:33:51.918226 #93896]  INFO -- : 2:  classifier (1.3.4) from /Users/christiantreppo/.gem/ruby/2.1.0/specifications/classifier-1.3.4.gemspec
I, [2014-05-13T16:33:52.250034 #93895]  INFO -- : 1:  coffee-script (2.2.0) from /Users/christiantreppo/.gem/ruby/2.1.0/specifications/coffee-script-2.2.0.gemspec
I, [2014-05-13T16:33:52.257102 #93895]  INFO -- : 1:  celluloid-io (0.15.0) from /Users/christiantreppo/.gem/ruby/2.1.0/specifications/celluloid-io-0.15.0.gemspec
I, [2014-05-13T16:33:53.195970 #93896]  INFO -- : 2:  jekyll-sass-converter (1.0.0) from /Users/christiantreppo/.gem/ruby/2.1.0/specifications/jekyll-sass-converter-1.0.0.gemspec
I, [2014-05-13T16:33:54.720597 #93894]  INFO -- : 0:  compass (0.12.6) from /Users/christiantreppo/.gem/ruby/2.1.0/specifications/compass-0.12.6.gemspec
I, [2014-05-13T16:33:55.327539 #93896]  INFO -- : 2:  toml (0.1.1) from /Users/christiantreppo/.gem/ruby/2.1.0/specifications/toml-0.1.1.gemspec
I, [2014-05-13T16:33:55.328347 #93896]  INFO -- : 2:  listen (2.7.4) from /Users/christiantreppo/.gem/ruby/2.1.0/specifications/listen-2.7.4.gemspec
I, [2014-05-13T16:33:56.422266 #93895]  INFO -- : 1:  pygments.rb (0.5.4) from /Users/christiantreppo/.gem/ruby/2.1.0/specifications/pygments.rb-0.5.4.gemspec
I, [2014-05-13T16:33:57.144299 #93896]  INFO -- : 2:  modular-scale (2.0.5) from /Users/christiantreppo/.gem/ruby/2.1.0/specifications/modular-scale-2.0.5.gemspec
I, [2014-05-13T16:33:57.724152 #93894]  INFO -- : 0:  jekyll-coffeescript (1.0.0) from /Users/christiantreppo/.gem/ruby/2.1.0/specifications/jekyll-coffeescript-1.0.0.gemspec
I, [2014-05-13T16:33:59.999098 #93895]  INFO -- : 1:  jekyll (2.0.3) from /Users/christiantreppo/.gem/ruby/2.1.0/specifications/jekyll-2.0.3.gemspec
I, [2014-05-13T16:40:51.101612 #95020]  INFO -- : 0:  timers (1.1.0) from /Users/christiantreppo/.gem/ruby/2.1.0/specifications/timers-1.1.0.gemspec
I, [2014-05-13T16:40:51.101943 #95021]  INFO -- : 1:  nio4r (1.0.0) from /Users/christiantreppo/.gem/ruby/2.1.0/specifications/nio4r-1.0.0.gemspec
I, [2014-05-13T16:40:51.102168 #95022]  INFO -- : 2:  blankslate (2.1.2.4) from /Users/christiantreppo/.gem/ruby/2.1.0/specifications/blankslate-2.1.2.4.gemspec
I, [2014-05-13T16:40:51.103275 #95021]  INFO -- : 1:  chunky_png (1.3.1) from /Users/christiantreppo/.gem/ruby/2.1.0/specifications/chunky_png-1.3.1.gemspec
I, [2014-05-13T16:40:51.103701 #95020]  INFO -- : 0:  fast-stemmer (1.0.2) from /Users/christiantreppo/.gem/ruby/2.1.0/specifications/fast-stemmer-1.0.2.gemspec
I, [2014-05-13T16:40:51.104045 #95022]  INFO -- : 2:  coffee-script-source (1.7.0) from /Users/christiantreppo/.gem/ruby/2.1.0/specifications/coffee-script-source-1.7.0.gemspec
I, [2014-05-13T16:40:51.104865 #95021]  INFO -- : 1:  execjs (2.0.2) from /Users/christiantreppo/.gem/ruby/2.1.0/specifications/execjs-2.0.2.gemspec
I, [2014-05-13T16:40:51.105152 #95020]  INFO -- : 0:  colorator (0.1) from /Users/christiantreppo/.gem/ruby/2.1.0/specifications/colorator-0.1.gemspec
I, [2014-05-13T16:40:51.105430 #95022]  INFO -- : 2:  fssm (0.2.10) from /Users/christiantreppo/.gem/ruby/2.1.0/specifications/fssm-0.2.10.gemspec
I, [2014-05-13T16:40:51.105921 #95021]  INFO -- : 1:  sass (3.2.19) from /Users/christiantreppo/.gem/ruby/2.1.0/specifications/sass-3.2.19.gemspec
I, [2014-05-13T16:40:51.106516 #95022]  INFO -- : 2:  ffi (1.9.3) from /Users/christiantreppo/.gem/ruby/2.1.0/specifications/ffi-1.9.3.gemspec
I, [2014-05-13T16:40:51.106645 #95020]  INFO -- : 0:  kramdown (1.3.3) from /Users/christiantreppo/.gem/ruby/2.1.0/specifications/kramdown-1.3.3.gemspec
I, [2014-05-13T16:40:51.107135 #95021]  INFO -- : 1:  liquid (2.5.5) from /Users/christiantreppo/.gem/ruby/2.1.0/specifications/liquid-2.5.5.gemspec
I, [2014-05-13T16:40:51.107864 #95022]  INFO -- : 2:  rb-fsevent (0.9.4) from /Users/christiantreppo/.gem/ruby/2.1.0/specifications/rb-fsevent-0.9.4.gemspec
I, [2014-05-13T16:40:51.108026 #95020]  INFO -- : 0:  mercenary (0.3.3) from /Users/christiantreppo/.gem/ruby/2.1.0/specifications/mercenary-0.3.3.gemspec
I, [2014-05-13T16:40:51.108374 #95021]  INFO -- : 1:  posix-spawn (0.3.8) from /Users/christiantreppo/.gem/ruby/2.1.0/specifications/posix-spawn-0.3.8.gemspec
I, [2014-05-13T16:40:51.108739 #95022]  INFO -- : 2:  yajl-ruby (1.1.0) from /Users/christiantreppo/.gem/ruby/2.1.0/specifications/yajl-ruby-1.1.0.gemspec
I, [2014-05-13T16:40:51.109074 #95020]  INFO -- : 0:  redcarpet (3.1.2) from /Users/christiantreppo/.gem/ruby/2.1.0/specifications/redcarpet-3.1.2.gemspec
I, [2014-05-13T16:40:51.109146 #95021]  INFO -- : 1:  safe_yaml (1.0.3) from /Users/christiantreppo/.gem/ruby/2.1.0/specifications/safe_yaml-1.0.3.gemspec
I, [2014-05-13T16:40:51.110015 #95020]  INFO -- : 0:  bundler (1.5.1) from /Users/christiantreppo/.gem/ruby/2.1.0/specifications/bundler-1.5.1.gemspec
I, [2014-05-13T16:40:51.110494 #95021]  INFO -- : 1:  celluloid (0.15.2) from /Users/christiantreppo/.gem/ruby/2.1.0/specifications/celluloid-0.15.2.gemspec
I, [2014-05-13T16:40:51.110878 #95020]  INFO -- : 0:  parslet (1.5.0) from /Users/christiantreppo/.gem/ruby/2.1.0/specifications/parslet-1.5.0.gemspec
I, [2014-05-13T16:40:51.111674 #95021]  INFO -- : 1:  classifier (1.3.4) from /Users/christiantreppo/.gem/ruby/2.1.0/specifications/classifier-1.3.4.gemspec
I, [2014-05-13T16:40:51.111872 #95020]  INFO -- : 0:  coffee-script (2.2.0) from /Users/christiantreppo/.gem/ruby/2.1.0/specifications/coffee-script-2.2.0.gemspec
I, [2014-05-13T16:40:51.113134 #95020]  INFO -- : 0:  jekyll-sass-converter (1.0.0) from /Users/christiantreppo/.gem/ruby/2.1.0/specifications/jekyll-sass-converter-1.0.0.gemspec
I, [2014-05-13T16:40:51.112971 #95021]  INFO -- : 1:  compass (0.12.6) from /Users/christiantreppo/.gem/ruby/2.1.0/specifications/compass-0.12.6.gemspec
I, [2014-05-13T16:40:51.114029 #95021]  INFO -- : 1:  rb-inotify (0.9.4) from /Users/christiantreppo/.gem/ruby/2.1.0/specifications/rb-inotify-0.9.4.gemspec
I, [2014-05-13T16:40:51.114345 #95020]  INFO -- : 0:  pygments.rb (0.5.4) from /Users/christiantreppo/.gem/ruby/2.1.0/specifications/pygments.rb-0.5.4.gemspec
I, [2014-05-13T16:40:51.114931 #95021]  INFO -- : 1:  celluloid-io (0.15.0) from /Users/christiantreppo/.gem/ruby/2.1.0/specifications/celluloid-io-0.15.0.gemspec
I, [2014-05-13T16:40:51.116038 #95020]  INFO -- : 0:  toml (0.1.1) from /Users/christiantreppo/.gem/ruby/2.1.0/specifications/toml-0.1.1.gemspec
I, [2014-05-13T16:40:51.115974 #95021]  INFO -- : 1:  jekyll-coffeescript (1.0.0) from /Users/christiantreppo/.gem/ruby/2.1.0/specifications/jekyll-coffeescript-1.0.0.gemspec
I, [2014-05-13T16:40:51.117418 #95021]  INFO -- : 1:  modular-scale (2.0.5) from /Users/christiantreppo/.gem/ruby/2.1.0/specifications/modular-scale-2.0.5.gemspec
I, [2014-05-13T16:40:51.117899 #95020]  INFO -- : 0:  listen (2.7.4) from /Users/christiantreppo/.gem/ruby/2.1.0/specifications/listen-2.7.4.gemspec
I, [2014-05-13T16:40:51.119027 #95021]  INFO -- : 1:  jekyll (2.0.3) from /Users/christiantreppo/.gem/ruby/2.1.0/specifications/jekyll-2.0.3.gemspec
I, [2014-05-13T16:40:53.334391 #95022]  INFO -- : 2:  rouge (1.3.4) from /Users/christiantreppo/.gem/ruby/2.1.0/specifications/rouge-1.3.4.gemspec
